[2017-09-11 00:34:54] local.ERROR: exception 'ErrorException' with message 'Undefined property: App\Http\Controllers\Home\AdvplanController::$article' in /Applications/MAMP/htdocs/toutiaolavarel/app/Http/Controllers/Home/AdvplanController.php:130
Stack trace:
#0 /Applications/MAMP/htdocs/toutiaolavarel/app/Http/Controllers/Home/AdvplanController.php(130): Illuminate\Foundation\Bootstrap\HandleExceptions->handleError(8, 'Undefined prope...', '/Applications/M...', 130, Array)
#1 [internal function]: App\Http\Controllers\Home\AdvplanController->destroy('4')
#2 /Applications/MAMP/htdocs/toutiaolavarel/vendor/laravel/framework/src/Illuminate/Routing/Controller.php(55): call_user_func_array(Array, Array)
#3 /Applications/MAMP/htdocs/toutiaolavarel/vendor/laravel/framework/src/Illuminate/Routing/ControllerDispatcher.php(44): Illuminate\Routing\Controller->callAction('destroy', Array)
#4 /Applications/MAMP/htdocs/toutiaolavarel/vendor/laravel/framework/src/Illuminate/Routing/Route.php(190): Illuminate\Routing\ControllerDispatcher->dispatch(Object(Illuminate\Routing\Route), Object(App\Http\Controllers\Home\AdvplanController), 'destroy')
#5 /Applications/MAMP/htdocs/toutiaolavarel/vendor/laravel/framework/src/Illuminate/Routing/Route.php(144): Illuminate\Routing\Route->runController()
#6 /Applications/MAMP/htdocs/toutiaolavarel/vendor/laravel/framework/src/Illuminate/Routing/Router.php(642): Illuminate\Routing\Route->run(Object(Illuminate\Http\Request))
#7 /Applications/MAMP/htdocs/toutiaolavarel/vendor/laravel/framework/src/Illuminate/Routing/Pipeline.php(53): Illuminate\Routing\Router->Illuminate\Routing\{closure}(Object(Illuminate\Http\Request))
#8 /Applications/MAMP/htdocs/toutiaolavarel/vendor/laravel/framework/src/Illuminate/Routing/Middleware/SubstituteBindings.php(41): Illuminate\Routing\Pipeline->Illuminate\Routing\{closure}(Object(Illuminate\Http\Request))
#9 /Applications/MAMP/htdocs/toutiaolavarel/vendor/laravel/framework/src/Illuminate/Pipeline/Pipeline.php(137): Illuminate\Routing\Middleware\SubstituteBindings->handle(Object(Illuminate\Http\Request), Object(Closure))
#10 /Applications/MAMP/htdocs/toutiaolavarel/vendor/laravel/framework/src/Illuminate/Routing/Pipeline.php(33): Illuminate\Pipeline\Pipeline->Illuminate\Pipeline\{closure}(Object(Illuminate\Http\Request))
#11 /Applications/MAMP/htdocs/toutiaolavarel/vendor/laravel/framework/src/Illuminate/View/Middleware/ShareErrorsFromSession.php(49): Illuminate\Routing\Pipeline->Illuminate\Routing\{closure}(Object(Illuminate\Http\Request))
#12 /Applications/MAMP/htdocs/toutiaolavarel/vendor/laravel/framework/src/Illuminate/Pipeline/Pipeline.php(137): Illuminate\View\Middleware\ShareErrorsFromSession->handle(Object(Illuminate\Http\Request), Object(Closure))
#13 /Applications/MAMP/htdocs/toutiaolavarel/vendor/laravel/framework/src/Illuminate/Routing/Pipeline.php(33): Illuminate\Pipeline\Pipeline->Illuminate\Pipeline\{closure}(Object(Illuminate\Http\Request))
#14 /Applications/MAMP/htdocs/toutiaolavarel/vendor/laravel/framework/src/Illuminate/Session/Middleware/StartSession.php(64): Illuminate\Routing\Pipeline->Illuminate\Routing\{closure}(Object(Illuminate\Http\Request))
#15 /Applications/MAMP/htdocs/toutiaolavarel/vendor/laravel/framework/src/Illuminate/Pipeline/Pipeline.php(137): Illuminate\Session\Middleware\StartSession->handle(Object(Illuminate\Http\Request), Object(Closure))
#16 /Applications/MAMP/htdocs/toutiaolavarel/vendor/laravel/framework/src/Illuminate/Routing/Pipeline.php(33): Illuminate\Pipeline\Pipeline->Illuminate\Pipeline\{closure}(Object(Illuminate\Http\Request))
#17 /Applications/MAMP/htdocs/toutiaolavarel/vendor/laravel/framework/src/Illuminate/Cookie/Middleware/AddQueuedCookiesToResponse.php(37): Illuminate\Routing\Pipeline->Illuminate\Routing\{closure}(Object(Illuminate\Http\Request))
#18 /Applications/MAMP/htdocs/toutiaolavarel/vendor/laravel/framework/src/Illuminate/Pipeline/Pipeline.php(137): Illuminate\Cookie\Middleware\AddQueuedCookiesToResponse->handle(Object(Illuminate\Http\Request), Object(Closure))
#19 /Applications/MAMP/htdocs/toutiaolavarel/vendor/laravel/framework/src/Illuminate/Routing/Pipeline.php(33): Illuminate\Pipeline\Pipeline->Illuminate\Pipeline\{closure}(Object(Illuminate\Http\Request))
#20 /Applications/MAMP/htdocs/toutiaolavarel/vendor/laravel/framework/src/Illuminate/Cookie/Middleware/EncryptCookies.php(59): Illuminate\Routing\Pipeline->Illuminate\Routing\{closure}(Object(Illuminate\Http\Request))
#21 /Applications/MAMP/htdocs/toutiaolavarel/vendor/laravel/framework/src/Illuminate/Pipeline/Pipeline.php(137): Illuminate\Cookie\Middleware\EncryptCookies->handle(Object(Illuminate\Http\Request), Object(Closure))
#22 /Applications/MAMP/htdocs/toutiaolavarel/vendor/laravel/framework/src/Illuminate/Routing/Pipeline.php(33): Illuminate\Pipeline\Pipeline->Illuminate\Pipeline\{closure}(Object(Illuminate\Http\Request))
#23 /Applications/MAMP/htdocs/toutiaolavarel/vendor/laravel/framework/src/Illuminate/Pipeline/Pipeline.php(104): Illuminate\Routing\Pipeline->Illuminate\Routing\{closure}(Object(Illuminate\Http\Request))
#24 /Applications/MAMP/htdocs/toutiaolavarel/vendor/laravel/framework/src/Illuminate/Routing/Router.php(644): Illuminate\Pipeline\Pipeline->then(Object(Closure))
#25 /Applications/MAMP/htdocs/toutiaolavarel/vendor/laravel/framework/src/Illuminate/Routing/Router.php(618): Illuminate\Routing\Router->runRouteWithinStack(Object(Illuminate\Routing\Route), Object(Illuminate\Http\Request))
#26 /Applications/MAMP/htdocs/toutiaolavarel/vendor/laravel/framework/src/Illuminate/Routing/Router.php(596): Illuminate\Routing\Router->dispatchToRoute(Object(Illuminate\Http\Request))
#27 /Applications/MAMP/htdocs/toutiaolavarel/vendor/laravel/framework/src/Illuminate/Foundation/Http/Kernel.php(267): Illuminate\Routing\Router->dispatch(Object(Illuminate\Http\Request))
#28 /Applications/MAMP/htdocs/toutiaolavarel/vendor/laravel/framework/src/Illuminate/Routing/Pipeline.php(53): Illuminate\Foundation\Http\Kernel->Illuminate\Foundation\Http\{closure}(Object(Illuminate\Http\Request))
#29 /Applications/MAMP/htdocs/toutiaolavarel/vendor/barryvdh/laravel-debugbar/src/Middleware/Debugbar.php(51): Illuminate\Routing\Pipeline->Illuminate\Routing\{closure}(Object(Illuminate\Http\Request))
#30 /Applications/MAMP/htdocs/toutiaolavarel/vendor/laravel/framework/src/Illuminate/Pipeline/Pipeline.php(137): Barryvdh\Debugbar\Middleware\Debugbar->handle(Object(Illuminate\Http\Request), Object(Closure))
#31 /Applications/MAMP/htdocs/toutiaolavarel/vendor/laravel/framework/src/Illuminate/Routing/Pipeline.php(33): Illuminate\Pipeline\Pipeline->Illuminate\Pipeline\{closure}(Object(Illuminate\Http\Request))
#32 /Applications/MAMP/htdocs/toutiaolavarel/vendor/laravel/framework/src/Illuminate/Foundation/Http/Middleware/CheckForMaintenanceMode.php(46): Illuminate\Routing\Pipeline->Illuminate\Routing\{closure}(Object(Illuminate\Http\Request))
#33 /Applications/MAMP/htdocs/toutiaolavarel/vendor/laravel/framework/src/Illuminate/Pipeline/Pipeline.php(137): Illuminate\Foundation\Http\Middleware\CheckForMaintenanceMode->handle(Object(Illuminate\Http\Request), Object(Closure))
#34 /Applications/MAMP/htdocs/toutiaolavarel/vendor/laravel/framework/src/Illuminate/Routing/Pipeline.php(33): Illuminate\Pipeline\Pipeline->Illuminate\Pipeline\{closure}(Object(Illuminate\Http\Request))
#35 /Applications/MAMP/htdocs/toutiaolavarel/vendor/laravel/framework/src/Illuminate/Pipeline/Pipeline.php(104): Illuminate\Routing\Pipeline->Illuminate\Routing\{closure}(Object(Illuminate\Http\Request))
#36 /Applications/MAMP/htdocs/toutiaolavarel/vendor/laravel/framework/src/Illuminate/Foundation/Http/Kernel.php(149): Illuminate\Pipeline\Pipeline->then(Object(Closure))
#37 /Applications/MAMP/htdocs/toutiaolavarel/vendor/laravel/framework/src/Illuminate/Foundation/Http/Kernel.php(116): Illuminate\Foundation\Http\Kernel->sendRequestThroughRouter(Object(Illuminate\Http\Request))
#38 /Applications/MAMP/htdocs/toutiaolavarel/public/index.php(54): Illuminate\Foundation\Http\Kernel->handle(Object(Illuminate\Http\Request))
#39 {main}  
[2017-09-11 00:55:25] local.ERROR: exception 'Symfony\Component\Debug\Exception\FatalErrorException' with message 'Call to undefined method App\Repositories\Eloquent\CustomerRepositoryEloquent::findOrFail()' in /Applications/MAMP/htdocs/toutiaolavarel/app/Service/Admin/CustomerService.php:201
Stack trace:
#0 {main}  
[2017-09-11 00:56:57] local.ERROR: exception 'Symfony\Component\Debug\Exception\FatalErrorException' with message 'Call to a member function find() on string' in /Applications/MAMP/htdocs/toutiaolavarel/app/Service/Admin/CustomerService.php:201
Stack trace:
#0 {main}  
[2017-09-11 01:09:54] local.ERROR: exception 'Symfony\Component\Debug\Exception\FatalErrorException' with message 'Maximum execution time of 30 seconds exceeded' in /Applications/MAMP/htdocs/toutiaolavarel/app/Service/Admin/CustomerService.php:210
Stack trace:
#0 {main}  
[2017-09-11 01:10:46] local.ERROR: exception 'ErrorException' with message 'Undefined index: customer' in /Applications/MAMP/htdocs/toutiaolavarel/app/Repositories/Eloquent/AdvplanRepositoryEloquent.php:54
Stack trace:
#0 /Applications/MAMP/htdocs/toutiaolavarel/app/Repositories/Eloquent/AdvplanRepositoryEloquent.php(54): Illuminate\Foundation\Bootstrap\HandleExceptions->handleError(8, 'Undefined index...', '/Applications/M...', 54, Array)
#1 /Applications/MAMP/htdocs/toutiaolavarel/app/Service/Admin/AdvplanService.php(89): App\Repositories\Eloquent\AdvplanRepositoryEloquent->getAdvplanList(NULL, NULL, Array, Array)
#2 /Applications/MAMP/htdocs/toutiaolavarel/app/Http/Controllers/Home/AdvplanController.php(28): App\Service\Admin\AdvplanService->getadvlist()
#3 [internal function]: App\Http\Controllers\Home\AdvplanController->index()
#4 /Applications/MAMP/htdocs/toutiaolavarel/vendor/laravel/framework/src/Illuminate/Routing/Controller.php(55): call_user_func_array(Array, Array)
#5 /Applications/MAMP/htdocs/toutiaolavarel/vendor/laravel/framework/src/Illuminate/Routing/ControllerDispatcher.php(44): Illuminate\Routing\Controller->callAction('index', Array)
#6 /Applications/MAMP/htdocs/toutiaolavarel/vendor/laravel/framework/src/Illuminate/Routing/Route.php(190): Illuminate\Routing\ControllerDispatcher->dispatch(Object(Illuminate\Routing\Route), Object(App\Http\Controllers\Home\AdvplanController), 'index')
#7 /Applications/MAMP/htdocs/toutiaolavarel/vendor/laravel/framework/src/Illuminate/Routing/Route.php(144): Illuminate\Routing\Route->runController()
#8 /Applications/MAMP/htdocs/toutiaolavarel/vendor/laravel/framework/src/Illuminate/Routing/Router.php(642): Illuminate\Routing\Route->run(Object(Illuminate\Http\Request))
#9 /Applications/MAMP/htdocs/toutiaolavarel/vendor/laravel/framework/src/Illuminate/Routing/Pipeline.php(53): Illuminate\Routing\Router->Illuminate\Routing\{closure}(Object(Illuminate\Http\Request))
#10 /Applications/MAMP/htdocs/toutiaolavarel/vendor/laravel/framework/src/Illuminate/Routing/Middleware/SubstituteBindings.php(41): Illuminate\Routing\Pipeline->Illuminate\Routing\{closure}(Object(Illuminate\Http\Request))
#11 /Applications/MAMP/htdocs/toutiaolavarel/vendor/laravel/framework/src/Illuminate/Pipeline/Pipeline.php(137): Illuminate\Routing\Middleware\SubstituteBindings->handle(Object(Illuminate\Http\Request), Object(Closure))
#12 /Applications/MAMP/htdocs/toutiaolavarel/vendor/laravel/framework/src/Illuminate/Routing/Pipeline.php(33): Illuminate\Pipeline\Pipeline->Illuminate\Pipeline\{closure}(Object(Illuminate\Http\Request))
#13 /Applications/MAMP/htdocs/toutiaolavarel/vendor/laravel/framework/src/Illuminate/View/Middleware/ShareErrorsFromSession.php(49): Illuminate\Routing\Pipeline->Illuminate\Routing\{closure}(Object(Illuminate\Http\Request))
#14 /Applications/MAMP/htdocs/toutiaolavarel/vendor/laravel/framework/src/Illuminate/Pipeline/Pipeline.php(137): Illuminate\View\Middleware\ShareErrorsFromSession->handle(Object(Illuminate\Http\Request), Object(Closure))
#15 /Applications/MAMP/htdocs/toutiaolavarel/vendor/laravel/framework/src/Illuminate/Routing/Pipeline.php(33): Illuminate\Pipeline\Pipeline->Illuminate\Pipeline\{closure}(Object(Illuminate\Http\Request))
#16 /Applications/MAMP/htdocs/toutiaolavarel/vendor/laravel/framework/src/Illuminate/Session/Middleware/StartSession.php(64): Illuminate\Routing\Pipeline->Illuminate\Routing\{closure}(Object(Illuminate\Http\Request))
#17 /Applications/MAMP/htdocs/toutiaolavarel/vendor/laravel/framework/src/Illuminate/Pipeline/Pipeline.php(137): Illuminate\Session\Middleware\StartSession->handle(Object(Illuminate\Http\Request), Object(Closure))
#18 /Applications/MAMP/htdocs/toutiaolavarel/vendor/laravel/framework/src/Illuminate/Routing/Pipeline.php(33): Illuminate\Pipeline\Pipeline->Illuminate\Pipeline\{closure}(Object(Illuminate\Http\Request))
#19 /Applications/MAMP/htdocs/toutiaolavarel/vendor/laravel/framework/src/Illuminate/Cookie/Middleware/AddQueuedCookiesToResponse.php(37): Illuminate\Routing\Pipeline->Illuminate\Routing\{closure}(Object(Illuminate\Http\Request))
#20 /Applications/MAMP/htdocs/toutiaolavarel/vendor/laravel/framework/src/Illuminate/Pipeline/Pipeline.php(137): Illuminate\Cookie\Middleware\AddQueuedCookiesToResponse->handle(Object(Illuminate\Http\Request), Object(Closure))
#21 /Applications/MAMP/htdocs/toutiaolavarel/vendor/laravel/framework/src/Illuminate/Routing/Pipeline.php(33): Illuminate\Pipeline\Pipeline->Illuminate\Pipeline\{closure}(Object(Illuminate\Http\Request))
#22 /Applications/MAMP/htdocs/toutiaolavarel/vendor/laravel/framework/src/Illuminate/Cookie/Middleware/EncryptCookies.php(59): Illuminate\Routing\Pipeline->Illuminate\Routing\{closure}(Object(Illuminate\Http\Request))
#23 /Applications/MAMP/htdocs/toutiaolavarel/vendor/laravel/framework/src/Illuminate/Pipeline/Pipeline.php(137): Illuminate\Cookie\Middleware\EncryptCookies->handle(Object(Illuminate\Http\Request), Object(Closure))
#24 /Applications/MAMP/htdocs/toutiaolavarel/vendor/laravel/framework/src/Illuminate/Routing/Pipeline.php(33): Illuminate\Pipeline\Pipeline->Illuminate\Pipeline\{closure}(Object(Illuminate\Http\Request))
#25 /Applications/MAMP/htdocs/toutiaolavarel/vendor/laravel/framework/src/Illuminate/Pipeline/Pipeline.php(104): Illuminate\Routing\Pipeline->Illuminate\Routing\{closure}(Object(Illuminate\Http\Request))
#26 /Applications/MAMP/htdocs/toutiaolavarel/vendor/laravel/framework/src/Illuminate/Routing/Router.php(644): Illuminate\Pipeline\Pipeline->then(Object(Closure))
#27 /Applications/MAMP/htdocs/toutiaolavarel/vendor/laravel/framework/src/Illuminate/Routing/Router.php(618): Illuminate\Routing\Router->runRouteWithinStack(Object(Illuminate\Routing\Route), Object(Illuminate\Http\Request))
#28 /Applications/MAMP/htdocs/toutiaolavarel/vendor/laravel/framework/src/Illuminate/Routing/Router.php(596): Illuminate\Routing\Router->dispatchToRoute(Object(Illuminate\Http\Request))
#29 /Applications/MAMP/htdocs/toutiaolavarel/vendor/laravel/framework/src/Illuminate/Foundation/Http/Kernel.php(267): Illuminate\Routing\Router->dispatch(Object(Illuminate\Http\Request))
#30 /Applications/MAMP/htdocs/toutiaolavarel/vendor/laravel/framework/src/Illuminate/Routing/Pipeline.php(53): Illuminate\Foundation\Http\Kernel->Illuminate\Foundation\Http\{closure}(Object(Illuminate\Http\Request))
#31 /Applications/MAMP/htdocs/toutiaolavarel/vendor/barryvdh/laravel-debugbar/src/Middleware/Debugbar.php(51): Illuminate\Routing\Pipeline->Illuminate\Routing\{closure}(Object(Illuminate\Http\Request))
#32 /Applications/MAMP/htdocs/toutiaolavarel/vendor/laravel/framework/src/Illuminate/Pipeline/Pipeline.php(137): Barryvdh\Debugbar\Middleware\Debugbar->handle(Object(Illuminate\Http\Request), Object(Closure))
#33 /Applications/MAMP/htdocs/toutiaolavarel/vendor/laravel/framework/src/Illuminate/Routing/Pipeline.php(33): Illuminate\Pipeline\Pipeline->Illuminate\Pipeline\{closure}(Object(Illuminate\Http\Request))
#34 /Applications/MAMP/htdocs/toutiaolavarel/vendor/laravel/framework/src/Illuminate/Foundation/Http/Middleware/CheckForMaintenanceMode.php(46): Illuminate\Routing\Pipeline->Illuminate\Routing\{closure}(Object(Illuminate\Http\Request))
#35 /Applications/MAMP/htdocs/toutiaolavarel/vendor/laravel/framework/src/Illuminate/Pipeline/Pipeline.php(137): Illuminate\Foundation\Http\Middleware\CheckForMaintenanceMode->handle(Object(Illuminate\Http\Request), Object(Closure))
#36 /Applications/MAMP/htdocs/toutiaolavarel/vendor/laravel/framework/src/Illuminate/Routing/Pipeline.php(33): Illuminate\Pipeline\Pipeline->Illuminate\Pipeline\{closure}(Object(Illuminate\Http\Request))
#37 /Applications/MAMP/htdocs/toutiaolavarel/vendor/laravel/framework/src/Illuminate/Pipeline/Pipeline.php(104): Illuminate\Routing\Pipeline->Illuminate\Routing\{closure}(Object(Illuminate\Http\Request))
#38 /Applications/MAMP/htdocs/toutiaolavarel/vendor/laravel/framework/src/Illuminate/Foundation/Http/Kernel.php(149): Illuminate\Pipeline\Pipeline->then(Object(Closure))
#39 /Applications/MAMP/htdocs/toutiaolavarel/vendor/laravel/framework/src/Illuminate/Foundation/Http/Kernel.php(116): Illuminate\Foundation\Http\Kernel->sendRequestThroughRouter(Object(Illuminate\Http\Request))
#40 /Applications/MAMP/htdocs/toutiaolavarel/public/index.php(54): Illuminate\Foundation\Http\Kernel->handle(Object(Illuminate\Http\Request))
#41 {main}  
[2017-09-11 01:36:44] local.ERROR: exception 'ErrorException' with message 'Undefined offset: 0' in /Applications/MAMP/htdocs/toutiaolavarel/vendor/laravel/framework/src/Illuminate/Support/Collection.php:1288
Stack trace:
#0 /Applications/MAMP/htdocs/toutiaolavarel/vendor/laravel/framework/src/Illuminate/Support/Collection.php(1288): Illuminate\Foundation\Bootstrap\HandleExceptions->handleError(8, 'Undefined offse...', '/Applications/M...', 1288, Array)
#1 /Applications/MAMP/htdocs/toutiaolavarel/app/Service/Admin/AdvplanService.php(185): Illuminate\Support\Collection->offsetGet(0)
#2 /Applications/MAMP/htdocs/toutiaolavarel/app/Http/Controllers/Home/AdvplanController.php(36): App\Service\Admin\AdvplanService->getCustomer('index.html')
#3 [internal function]: App\Http\Controllers\Home\AdvplanController->lists('index.html')
#4 /Applications/MAMP/htdocs/toutiaolavarel/vendor/laravel/framework/src/Illuminate/Routing/Controller.php(55): call_user_func_array(Array, Array)
#5 /Applications/MAMP/htdocs/toutiaolavarel/vendor/laravel/framework/src/Illuminate/Routing/ControllerDispatcher.php(44): Illuminate\Routing\Controller->callAction('lists', Array)
#6 /Applications/MAMP/htdocs/toutiaolavarel/vendor/laravel/framework/src/Illuminate/Routing/Route.php(190): Illuminate\Routing\ControllerDispatcher->dispatch(Object(Illuminate\Routing\Route), Object(App\Http\Controllers\Home\AdvplanController), 'lists')
#7 /Applications/MAMP/htdocs/toutiaolavarel/vendor/laravel/framework/src/Illuminate/Routing/Route.php(144): Illuminate\Routing\Route->runController()
#8 /Applications/MAMP/htdocs/toutiaolavarel/vendor/laravel/framework/src/Illuminate/Routing/Router.php(642): Illuminate\Routing\Route->run(Object(Illuminate\Http\Request))
#9 /Applications/MAMP/htdocs/toutiaolavarel/vendor/laravel/framework/src/Illuminate/Routing/Pipeline.php(53): Illuminate\Routing\Router->Illuminate\Routing\{closure}(Object(Illuminate\Http\Request))
#10 /Applications/MAMP/htdocs/toutiaolavarel/vendor/laravel/framework/src/Illuminate/Routing/Middleware/SubstituteBindings.php(41): Illuminate\Routing\Pipeline->Illuminate\Routing\{closure}(Object(Illuminate\Http\Request))
#11 /Applications/MAMP/htdocs/toutiaolavarel/vendor/laravel/framework/src/Illuminate/Pipeline/Pipeline.php(137): Illuminate\Routing\Middleware\SubstituteBindings->handle(Object(Illuminate\Http\Request), Object(Closure))
#12 /Applications/MAMP/htdocs/toutiaolavarel/vendor/laravel/framework/src/Illuminate/Routing/Pipeline.php(33): Illuminate\Pipeline\Pipeline->Illuminate\Pipeline\{closure}(Object(Illuminate\Http\Request))
#13 /Applications/MAMP/htdocs/toutiaolavarel/vendor/laravel/framework/src/Illuminate/View/Middleware/ShareErrorsFromSession.php(49): Illuminate\Routing\Pipeline->Illuminate\Routing\{closure}(Object(Illuminate\Http\Request))
#14 /Applications/MAMP/htdocs/toutiaolavarel/vendor/laravel/framework/src/Illuminate/Pipeline/Pipeline.php(137): Illuminate\View\Middleware\ShareErrorsFromSession->handle(Object(Illuminate\Http\Request), Object(Closure))
#15 /Applications/MAMP/htdocs/toutiaolavarel/vendor/laravel/framework/src/Illuminate/Routing/Pipeline.php(33): Illuminate\Pipeline\Pipeline->Illuminate\Pipeline\{closure}(Object(Illuminate\Http\Request))
#16 /Applications/MAMP/htdocs/toutiaolavarel/vendor/laravel/framework/src/Illuminate/Session/Middleware/StartSession.php(64): Illuminate\Routing\Pipeline->Illuminate\Routing\{closure}(Object(Illuminate\Http\Request))
#17 /Applications/MAMP/htdocs/toutiaolavarel/vendor/laravel/framework/src/Illuminate/Pipeline/Pipeline.php(137): Illuminate\Session\Middleware\StartSession->handle(Object(Illuminate\Http\Request), Object(Closure))
#18 /Applications/MAMP/htdocs/toutiaolavarel/vendor/laravel/framework/src/Illuminate/Routing/Pipeline.php(33): Illuminate\Pipeline\Pipeline->Illuminate\Pipeline\{closure}(Object(Illuminate\Http\Request))
#19 /Applications/MAMP/htdocs/toutiaolavarel/vendor/laravel/framework/src/Illuminate/Cookie/Middleware/AddQueuedCookiesToResponse.php(37): Illuminate\Routing\Pipeline->Illuminate\Routing\{closure}(Object(Illuminate\Http\Request))
#20 /Applications/MAMP/htdocs/toutiaolavarel/vendor/laravel/framework/src/Illuminate/Pipeline/Pipeline.php(137): Illuminate\Cookie\Middleware\AddQueuedCookiesToResponse->handle(Object(Illuminate\Http\Request), Object(Closure))
#21 /Applications/MAMP/htdocs/toutiaolavarel/vendor/laravel/framework/src/Illuminate/Routing/Pipeline.php(33): Illuminate\Pipeline\Pipeline->Illuminate\Pipeline\{closure}(Object(Illuminate\Http\Request))
#22 /Applications/MAMP/htdocs/toutiaolavarel/vendor/laravel/framework/src/Illuminate/Cookie/Middleware/EncryptCookies.php(59): Illuminate\Routing\Pipeline->Illuminate\Routing\{closure}(Object(Illuminate\Http\Request))
#23 /Applications/MAMP/htdocs/toutiaolavarel/vendor/laravel/framework/src/Illuminate/Pipeline/Pipeline.php(137): Illuminate\Cookie\Middleware\EncryptCookies->handle(Object(Illuminate\Http\Request), Object(Closure))
#24 /Applications/MAMP/htdocs/toutiaolavarel/vendor/laravel/framework/src/Illuminate/Routing/Pipeline.php(33): Illuminate\Pipeline\Pipeline->Illuminate\Pipeline\{closure}(Object(Illuminate\Http\Request))
#25 /Applications/MAMP/htdocs/toutiaolavarel/vendor/laravel/framework/src/Illuminate/Pipeline/Pipeline.php(104): Illuminate\Routing\Pipeline->Illuminate\Routing\{closure}(Object(Illuminate\Http\Request))
#26 /Applications/MAMP/htdocs/toutiaolavarel/vendor/laravel/framework/src/Illuminate/Routing/Router.php(644): Illuminate\Pipeline\Pipeline->then(Object(Closure))
#27 /Applications/MAMP/htdocs/toutiaolavarel/vendor/laravel/framework/src/Illuminate/Routing/Router.php(618): Illuminate\Routing\Router->runRouteWithinStack(Object(Illuminate\Routing\Route), Object(Illuminate\Http\Request))
#28 /Applications/MAMP/htdocs/toutiaolavarel/vendor/laravel/framework/src/Illuminate/Routing/Router.php(596): Illuminate\Routing\Router->dispatchToRoute(Object(Illuminate\Http\Request))
#29 /Applications/MAMP/htdocs/toutiaolavarel/vendor/laravel/framework/src/Illuminate/Foundation/Http/Kernel.php(267): Illuminate\Routing\Router->dispatch(Object(Illuminate\Http\Request))
#30 /Applications/MAMP/htdocs/toutiaolavarel/vendor/laravel/framework/src/Illuminate/Routing/Pipeline.php(53): Illuminate\Foundation\Http\Kernel->Illuminate\Foundation\Http\{closure}(Object(Illuminate\Http\Request))
#31 /Applications/MAMP/htdocs/toutiaolavarel/vendor/barryvdh/laravel-debugbar/src/Middleware/Debugbar.php(51): Illuminate\Routing\Pipeline->Illuminate\Routing\{closure}(Object(Illuminate\Http\Request))
#32 /Applications/MAMP/htdocs/toutiaolavarel/vendor/laravel/framework/src/Illuminate/Pipeline/Pipeline.php(137): Barryvdh\Debugbar\Middleware\Debugbar->handle(Object(Illuminate\Http\Request), Object(Closure))
#33 /Applications/MAMP/htdocs/toutiaolavarel/vendor/laravel/framework/src/Illuminate/Routing/Pipeline.php(33): Illuminate\Pipeline\Pipeline->Illuminate\Pipeline\{closure}(Object(Illuminate\Http\Request))
#34 /Applications/MAMP/htdocs/toutiaolavarel/vendor/laravel/framework/src/Illuminate/Foundation/Http/Middleware/CheckForMaintenanceMode.php(46): Illuminate\Routing\Pipeline->Illuminate\Routing\{closure}(Object(Illuminate\Http\Request))
#35 /Applications/MAMP/htdocs/toutiaolavarel/vendor/laravel/framework/src/Illuminate/Pipeline/Pipeline.php(137): Illuminate\Foundation\Http\Middleware\CheckForMaintenanceMode->handle(Object(Illuminate\Http\Request), Object(Closure))
#36 /Applications/MAMP/htdocs/toutiaolavarel/vendor/laravel/framework/src/Illuminate/Routing/Pipeline.php(33): Illuminate\Pipeline\Pipeline->Illuminate\Pipeline\{closure}(Object(Illuminate\Http\Request))
#37 /Applications/MAMP/htdocs/toutiaolavarel/vendor/laravel/framework/src/Illuminate/Pipeline/Pipeline.php(104): Illuminate\Routing\Pipeline->Illuminate\Routing\{closure}(Object(Illuminate\Http\Request))
#38 /Applications/MAMP/htdocs/toutiaolavarel/vendor/laravel/framework/src/Illuminate/Foundation/Http/Kernel.php(149): Illuminate\Pipeline\Pipeline->then(Object(Closure))
#39 /Applications/MAMP/htdocs/toutiaolavarel/vendor/laravel/framework/src/Illuminate/Foundation/Http/Kernel.php(116): Illuminate\Foundation\Http\Kernel->sendRequestThroughRouter(Object(Illuminate\Http\Request))
#40 /Applications/MAMP/htdocs/toutiaolavarel/public/index.php(54): Illuminate\Foundation\Http\Kernel->handle(Object(Illuminate\Http\Request))
#41 {main}  
[2017-09-11 01:37:11] local.ERROR: exception 'ErrorException' with message 'Undefined offset: 0' in /Applications/MAMP/htdocs/toutiaolavarel/vendor/laravel/framework/src/Illuminate/Support/Collection.php:1288
Stack trace:
#0 /Applications/MAMP/htdocs/toutiaolavarel/vendor/laravel/framework/src/Illuminate/Support/Collection.php(1288): Illuminate\Foundation\Bootstrap\HandleExceptions->handleError(8, 'Undefined offse...', '/Applications/M...', 1288, Array)
#1 /Applications/MAMP/htdocs/toutiaolavarel/app/Service/Admin/AdvplanService.php(185): Illuminate\Support\Collection->offsetGet(0)
#2 /Applications/MAMP/htdocs/toutiaolavarel/app/Http/Controllers/Home/AdvplanController.php(36): App\Service\Admin\AdvplanService->getCustomer('new_media_accou...')
#3 [internal function]: App\Http\Controllers\Home\AdvplanController->lists('new_media_accou...')
#4 /Applications/MAMP/htdocs/toutiaolavarel/vendor/laravel/framework/src/Illuminate/Routing/Controller.php(55): call_user_func_array(Array, Array)
#5 /Applications/MAMP/htdocs/toutiaolavarel/vendor/laravel/framework/src/Illuminate/Routing/ControllerDispatcher.php(44): Illuminate\Routing\Controller->callAction('lists', Array)
#6 /Applications/MAMP/htdocs/toutiaolavarel/vendor/laravel/framework/src/Illuminate/Routing/Route.php(190): Illuminate\Routing\ControllerDispatcher->dispatch(Object(Illuminate\Routing\Route), Object(App\Http\Controllers\Home\AdvplanController), 'lists')
#7 /Applications/MAMP/htdocs/toutiaolavarel/vendor/laravel/framework/src/Illuminate/Routing/Route.php(144): Illuminate\Routing\Route->runController()
#8 /Applications/MAMP/htdocs/toutiaolavarel/vendor/laravel/framework/src/Illuminate/Routing/Router.php(642): Illuminate\Routing\Route->run(Object(Illuminate\Http\Request))
#9 /Applications/MAMP/htdocs/toutiaolavarel/vendor/laravel/framework/src/Illuminate/Routing/Pipeline.php(53): Illuminate\Routing\Router->Illuminate\Routing\{closure}(Object(Illuminate\Http\Request))
#10 /Applications/MAMP/htdocs/toutiaolavarel/vendor/laravel/framework/src/Illuminate/Routing/Middleware/SubstituteBindings.php(41): Illuminate\Routing\Pipeline->Illuminate\Routing\{closure}(Object(Illuminate\Http\Request))
#11 /Applications/MAMP/htdocs/toutiaolavarel/vendor/laravel/framework/src/Illuminate/Pipeline/Pipeline.php(137): Illuminate\Routing\Middleware\SubstituteBindings->handle(Object(Illuminate\Http\Request), Object(Closure))
#12 /Applications/MAMP/htdocs/toutiaolavarel/vendor/laravel/framework/src/Illuminate/Routing/Pipeline.php(33): Illuminate\Pipeline\Pipeline->Illuminate\Pipeline\{closure}(Object(Illuminate\Http\Request))
#13 /Applications/MAMP/htdocs/toutiaolavarel/vendor/laravel/framework/src/Illuminate/View/Middleware/ShareErrorsFromSession.php(49): Illuminate\Routing\Pipeline->Illuminate\Routing\{closure}(Object(Illuminate\Http\Request))
#14 /Applications/MAMP/htdocs/toutiaolavarel/vendor/laravel/framework/src/Illuminate/Pipeline/Pipeline.php(137): Illuminate\View\Middleware\ShareErrorsFromSession->handle(Object(Illuminate\Http\Request), Object(Closure))
#15 /Applications/MAMP/htdocs/toutiaolavarel/vendor/laravel/framework/src/Illuminate/Routing/Pipeline.php(33): Illuminate\Pipeline\Pipeline->Illuminate\Pipeline\{closure}(Object(Illuminate\Http\Request))
#16 /Applications/MAMP/htdocs/toutiaolavarel/vendor/laravel/framework/src/Illuminate/Session/Middleware/StartSession.php(64): Illuminate\Routing\Pipeline->Illuminate\Routing\{closure}(Object(Illuminate\Http\Request))
#17 /Applications/MAMP/htdocs/toutiaolavarel/vendor/laravel/framework/src/Illuminate/Pipeline/Pipeline.php(137): Illuminate\Session\Middleware\StartSession->handle(Object(Illuminate\Http\Request), Object(Closure))
#18 /Applications/MAMP/htdocs/toutiaolavarel/vendor/laravel/framework/src/Illuminate/Routing/Pipeline.php(33): Illuminate\Pipeline\Pipeline->Illuminate\Pipeline\{closure}(Object(Illuminate\Http\Request))
#19 /Applications/MAMP/htdocs/toutiaolavarel/vendor/laravel/framework/src/Illuminate/Cookie/Middleware/AddQueuedCookiesToResponse.php(37): Illuminate\Routing\Pipeline->Illuminate\Routing\{closure}(Object(Illuminate\Http\Request))
#20 /Applications/MAMP/htdocs/toutiaolavarel/vendor/laravel/framework/src/Illuminate/Pipeline/Pipeline.php(137): Illuminate\Cookie\Middleware\AddQueuedCookiesToResponse->handle(Object(Illuminate\Http\Request), Object(Closure))
#21 /Applications/MAMP/htdocs/toutiaolavarel/vendor/laravel/framework/src/Illuminate/Routing/Pipeline.php(33): Illuminate\Pipeline\Pipeline->Illuminate\Pipeline\{closure}(Object(Illuminate\Http\Request))
#22 /Applications/MAMP/htdocs/toutiaolavarel/vendor/laravel/framework/src/Illuminate/Cookie/Middleware/EncryptCookies.php(59): Illuminate\Routing\Pipeline->Illuminate\Routing\{closure}(Object(Illuminate\Http\Request))
#23 /Applications/MAMP/htdocs/toutiaolavarel/vendor/laravel/framework/src/Illuminate/Pipeline/Pipeline.php(137): Illuminate\Cookie\Middleware\EncryptCookies->handle(Object(Illuminate\Http\Request), Object(Closure))
#24 /Applications/MAMP/htdocs/toutiaolavarel/vendor/laravel/framework/src/Illuminate/Routing/Pipeline.php(33): Illuminate\Pipeline\Pipeline->Illuminate\Pipeline\{closure}(Object(Illuminate\Http\Request))
#25 /Applications/MAMP/htdocs/toutiaolavarel/vendor/laravel/framework/src/Illuminate/Pipeline/Pipeline.php(104): Illuminate\Routing\Pipeline->Illuminate\Routing\{closure}(Object(Illuminate\Http\Request))
#26 /Applications/MAMP/htdocs/toutiaolavarel/vendor/laravel/framework/src/Illuminate/Routing/Router.php(644): Illuminate\Pipeline\Pipeline->then(Object(Closure))
#27 /Applications/MAMP/htdocs/toutiaolavarel/vendor/laravel/framework/src/Illuminate/Routing/Router.php(618): Illuminate\Routing\Router->runRouteWithinStack(Object(Illuminate\Routing\Route), Object(Illuminate\Http\Request))
#28 /Applications/MAMP/htdocs/toutiaolavarel/vendor/laravel/framework/src/Illuminate/Routing/Router.php(596): Illuminate\Routing\Router->dispatchToRoute(Object(Illuminate\Http\Request))
#29 /Applications/MAMP/htdocs/toutiaolavarel/vendor/laravel/framework/src/Illuminate/Foundation/Http/Kernel.php(267): Illuminate\Routing\Router->dispatch(Object(Illuminate\Http\Request))
#30 /Applications/MAMP/htdocs/toutiaolavarel/vendor/laravel/framework/src/Illuminate/Routing/Pipeline.php(53): Illuminate\Foundation\Http\Kernel->Illuminate\Foundation\Http\{closure}(Object(Illuminate\Http\Request))
#31 /Applications/MAMP/htdocs/toutiaolavarel/vendor/barryvdh/laravel-debugbar/src/Middleware/Debugbar.php(51): Illuminate\Routing\Pipeline->Illuminate\Routing\{closure}(Object(Illuminate\Http\Request))
#32 /Applications/MAMP/htdocs/toutiaolavarel/vendor/laravel/framework/src/Illuminate/Pipeline/Pipeline.php(137): Barryvdh\Debugbar\Middleware\Debugbar->handle(Object(Illuminate\Http\Request), Object(Closure))
#33 /Applications/MAMP/htdocs/toutiaolavarel/vendor/laravel/framework/src/Illuminate/Routing/Pipeline.php(33): Illuminate\Pipeline\Pipeline->Illuminate\Pipeline\{closure}(Object(Illuminate\Http\Request))
#34 /Applications/MAMP/htdocs/toutiaolavarel/vendor/laravel/framework/src/Illuminate/Foundation/Http/Middleware/CheckForMaintenanceMode.php(46): Illuminate\Routing\Pipeline->Illuminate\Routing\{closure}(Object(Illuminate\Http\Request))
#35 /Applications/MAMP/htdocs/toutiaolavarel/vendor/laravel/framework/src/Illuminate/Pipeline/Pipeline.php(137): Illuminate\Foundation\Http\Middleware\CheckForMaintenanceMode->handle(Object(Illuminate\Http\Request), Object(Closure))
#36 /Applications/MAMP/htdocs/toutiaolavarel/vendor/laravel/framework/src/Illuminate/Routing/Pipeline.php(33): Illuminate\Pipeline\Pipeline->Illuminate\Pipeline\{closure}(Object(Illuminate\Http\Request))
#37 /Applications/MAMP/htdocs/toutiaolavarel/vendor/laravel/framework/src/Illuminate/Pipeline/Pipeline.php(104): Illuminate\Routing\Pipeline->Illuminate\Routing\{closure}(Object(Illuminate\Http\Request))
#38 /Applications/MAMP/htdocs/toutiaolavarel/vendor/laravel/framework/src/Illuminate/Foundation/Http/Kernel.php(149): Illuminate\Pipeline\Pipeline->then(Object(Closure))
#39 /Applications/MAMP/htdocs/toutiaolavarel/vendor/laravel/framework/src/Illuminate/Foundation/Http/Kernel.php(116): Illuminate\Foundation\Http\Kernel->sendRequestThroughRouter(Object(Illuminate\Http\Request))
#40 /Applications/MAMP/htdocs/toutiaolavarel/public/index.php(54): Illuminate\Foundation\Http\Kernel->handle(Object(Illuminate\Http\Request))
#41 {main}  
[2017-09-11 01:37:19] local.ERROR: exception 'ErrorException' with message 'Undefined offset: 0' in /Applications/MAMP/htdocs/toutiaolavarel/vendor/laravel/framework/src/Illuminate/Support/Collection.php:1288
Stack trace:
#0 /Applications/MAMP/htdocs/toutiaolavarel/vendor/laravel/framework/src/Illuminate/Support/Collection.php(1288): Illuminate\Foundation\Bootstrap\HandleExceptions->handleError(8, 'Undefined offse...', '/Applications/M...', 1288, Array)
#1 /Applications/MAMP/htdocs/toutiaolavarel/app/Service/Admin/AdvplanService.php(185): Illuminate\Support\Collection->offsetGet(0)
#2 /Applications/MAMP/htdocs/toutiaolavarel/app/Http/Controllers/Home/AdvplanController.php(36): App\Service\Admin\AdvplanService->getCustomer('notification.ht...')
#3 [internal function]: App\Http\Controllers\Home\AdvplanController->lists('notification.ht...')
#4 /Applications/MAMP/htdocs/toutiaolavarel/vendor/laravel/framework/src/Illuminate/Routing/Controller.php(55): call_user_func_array(Array, Array)
#5 /Applications/MAMP/htdocs/toutiaolavarel/vendor/laravel/framework/src/Illuminate/Routing/ControllerDispatcher.php(44): Illuminate\Routing\Controller->callAction('lists', Array)
#6 /Applications/MAMP/htdocs/toutiaolavarel/vendor/laravel/framework/src/Illuminate/Routing/Route.php(190): Illuminate\Routing\ControllerDispatcher->dispatch(Object(Illuminate\Routing\Route), Object(App\Http\Controllers\Home\AdvplanController), 'lists')
#7 /Applications/MAMP/htdocs/toutiaolavarel/vendor/laravel/framework/src/Illuminate/Routing/Route.php(144): Illuminate\Routing\Route->runController()
#8 /Applications/MAMP/htdocs/toutiaolavarel/vendor/laravel/framework/src/Illuminate/Routing/Router.php(642): Illuminate\Routing\Route->run(Object(Illuminate\Http\Request))
#9 /Applications/MAMP/htdocs/toutiaolavarel/vendor/laravel/framework/src/Illuminate/Routing/Pipeline.php(53): Illuminate\Routing\Router->Illuminate\Routing\{closure}(Object(Illuminate\Http\Request))
#10 /Applications/MAMP/htdocs/toutiaolavarel/vendor/laravel/framework/src/Illuminate/Routing/Middleware/SubstituteBindings.php(41): Illuminate\Routing\Pipeline->Illuminate\Routing\{closure}(Object(Illuminate\Http\Request))
#11 /Applications/MAMP/htdocs/toutiaolavarel/vendor/laravel/framework/src/Illuminate/Pipeline/Pipeline.php(137): Illuminate\Routing\Middleware\SubstituteBindings->handle(Object(Illuminate\Http\Request), Object(Closure))
#12 /Applications/MAMP/htdocs/toutiaolavarel/vendor/laravel/framework/src/Illuminate/Routing/Pipeline.php(33): Illuminate\Pipeline\Pipeline->Illuminate\Pipeline\{closure}(Object(Illuminate\Http\Request))
#13 /Applications/MAMP/htdocs/toutiaolavarel/vendor/laravel/framework/src/Illuminate/View/Middleware/ShareErrorsFromSession.php(49): Illuminate\Routing\Pipeline->Illuminate\Routing\{closure}(Object(Illuminate\Http\Request))
#14 /Applications/MAMP/htdocs/toutiaolavarel/vendor/laravel/framework/src/Illuminate/Pipeline/Pipeline.php(137): Illuminate\View\Middleware\ShareErrorsFromSession->handle(Object(Illuminate\Http\Request), Object(Closure))
#15 /Applications/MAMP/htdocs/toutiaolavarel/vendor/laravel/framework/src/Illuminate/Routing/Pipeline.php(33): Illuminate\Pipeline\Pipeline->Illuminate\Pipeline\{closure}(Object(Illuminate\Http\Request))
#16 /Applications/MAMP/htdocs/toutiaolavarel/vendor/laravel/framework/src/Illuminate/Session/Middleware/StartSession.php(64): Illuminate\Routing\Pipeline->Illuminate\Routing\{closure}(Object(Illuminate\Http\Request))
#17 /Applications/MAMP/htdocs/toutiaolavarel/vendor/laravel/framework/src/Illuminate/Pipeline/Pipeline.php(137): Illuminate\Session\Middleware\StartSession->handle(Object(Illuminate\Http\Request), Object(Closure))
#18 /Applications/MAMP/htdocs/toutiaolavarel/vendor/laravel/framework/src/Illuminate/Routing/Pipeline.php(33): Illuminate\Pipeline\Pipeline->Illuminate\Pipeline\{closure}(Object(Illuminate\Http\Request))
#19 /Applications/MAMP/htdocs/toutiaolavarel/vendor/laravel/framework/src/Illuminate/Cookie/Middleware/AddQueuedCookiesToResponse.php(37): Illuminate\Routing\Pipeline->Illuminate\Routing\{closure}(Object(Illuminate\Http\Request))
#20 /Applications/MAMP/htdocs/toutiaolavarel/vendor/laravel/framework/src/Illuminate/Pipeline/Pipeline.php(137): Illuminate\Cookie\Middleware\AddQueuedCookiesToResponse->handle(Object(Illuminate\Http\Request), Object(Closure))
#21 /Applications/MAMP/htdocs/toutiaolavarel/vendor/laravel/framework/src/Illuminate/Routing/Pipeline.php(33): Illuminate\Pipeline\Pipeline->Illuminate\Pipeline\{closure}(Object(Illuminate\Http\Request))
#22 /Applications/MAMP/htdocs/toutiaolavarel/vendor/laravel/framework/src/Illuminate/Cookie/Middleware/EncryptCookies.php(59): Illuminate\Routing\Pipeline->Illuminate\Routing\{closure}(Object(Illuminate\Http\Request))
#23 /Applications/MAMP/htdocs/toutiaolavarel/vendor/laravel/framework/src/Illuminate/Pipeline/Pipeline.php(137): Illuminate\Cookie\Middleware\EncryptCookies->handle(Object(Illuminate\Http\Request), Object(Closure))
#24 /Applications/MAMP/htdocs/toutiaolavarel/vendor/laravel/framework/src/Illuminate/Routing/Pipeline.php(33): Illuminate\Pipeline\Pipeline->Illuminate\Pipeline\{closure}(Object(Illuminate\Http\Request))
#25 /Applications/MAMP/htdocs/toutiaolavarel/vendor/laravel/framework/src/Illuminate/Pipeline/Pipeline.php(104): Illuminate\Routing\Pipeline->Illuminate\Routing\{closure}(Object(Illuminate\Http\Request))
#26 /Applications/MAMP/htdocs/toutiaolavarel/vendor/laravel/framework/src/Illuminate/Routing/Router.php(644): Illuminate\Pipeline\Pipeline->then(Object(Closure))
#27 /Applications/MAMP/htdocs/toutiaolavarel/vendor/laravel/framework/src/Illuminate/Routing/Router.php(618): Illuminate\Routing\Router->runRouteWithinStack(Object(Illuminate\Routing\Route), Object(Illuminate\Http\Request))
#28 /Applications/MAMP/htdocs/toutiaolavarel/vendor/laravel/framework/src/Illuminate/Routing/Router.php(596): Illuminate\Routing\Router->dispatchToRoute(Object(Illuminate\Http\Request))
#29 /Applications/MAMP/htdocs/toutiaolavarel/vendor/laravel/framework/src/Illuminate/Foundation/Http/Kernel.php(267): Illuminate\Routing\Router->dispatch(Object(Illuminate\Http\Request))
#30 /Applications/MAMP/htdocs/toutiaolavarel/vendor/laravel/framework/src/Illuminate/Routing/Pipeline.php(53): Illuminate\Foundation\Http\Kernel->Illuminate\Foundation\Http\{closure}(Object(Illuminate\Http\Request))
#31 /Applications/MAMP/htdocs/toutiaolavarel/vendor/barryvdh/laravel-debugbar/src/Middleware/Debugbar.php(51): Illuminate\Routing\Pipeline->Illuminate\Routing\{closure}(Object(Illuminate\Http\Request))
#32 /Applications/MAMP/htdocs/toutiaolavarel/vendor/laravel/framework/src/Illuminate/Pipeline/Pipeline.php(137): Barryvdh\Debugbar\Middleware\Debugbar->handle(Object(Illuminate\Http\Request), Object(Closure))
#33 /Applications/MAMP/htdocs/toutiaolavarel/vendor/laravel/framework/src/Illuminate/Routing/Pipeline.php(33): Illuminate\Pipeline\Pipeline->Illuminate\Pipeline\{closure}(Object(Illuminate\Http\Request))
#34 /Applications/MAMP/htdocs/toutiaolavarel/vendor/laravel/framework/src/Illuminate/Foundation/Http/Middleware/CheckForMaintenanceMode.php(46): Illuminate\Routing\Pipeline->Illuminate\Routing\{closure}(Object(Illuminate\Http\Request))
#35 /Applications/MAMP/htdocs/toutiaolavarel/vendor/laravel/framework/src/Illuminate/Pipeline/Pipeline.php(137): Illuminate\Foundation\Http\Middleware\CheckForMaintenanceMode->handle(Object(Illuminate\Http\Request), Object(Closure))
#36 /Applications/MAMP/htdocs/toutiaolavarel/vendor/laravel/framework/src/Illuminate/Routing/Pipeline.php(33): Illuminate\Pipeline\Pipeline->Illuminate\Pipeline\{closure}(Object(Illuminate\Http\Request))
#37 /Applications/MAMP/htdocs/toutiaolavarel/vendor/laravel/framework/src/Illuminate/Pipeline/Pipeline.php(104): Illuminate\Routing\Pipeline->Illuminate\Routing\{closure}(Object(Illuminate\Http\Request))
#38 /Applications/MAMP/htdocs/toutiaolavarel/vendor/laravel/framework/src/Illuminate/Foundation/Http/Kernel.php(149): Illuminate\Pipeline\Pipeline->then(Object(Closure))
#39 /Applications/MAMP/htdocs/toutiaolavarel/vendor/laravel/framework/src/Illuminate/Foundation/Http/Kernel.php(116): Illuminate\Foundation\Http\Kernel->sendRequestThroughRouter(Object(Illuminate\Http\Request))
#40 /Applications/MAMP/htdocs/toutiaolavarel/public/index.php(54): Illuminate\Foundation\Http\Kernel->handle(Object(Illuminate\Http\Request))
#41 {main}  
[2017-09-11 01:42:10] local.ERROR: exception 'ErrorException' with message 'Undefined index: customer' in /Applications/MAMP/htdocs/toutiaolavarel/app/Repositories/Eloquent/AdvplanRepositoryEloquent.php:54
Stack trace:
#0 /Applications/MAMP/htdocs/toutiaolavarel/app/Repositories/Eloquent/AdvplanRepositoryEloquent.php(54): Illuminate\Foundation\Bootstrap\HandleExceptions->handleError(8, 'Undefined index...', '/Applications/M...', 54, Array)
#1 /Applications/MAMP/htdocs/toutiaolavarel/app/Service/Admin/AdvplanService.php(89): App\Repositories\Eloquent\AdvplanRepositoryEloquent->getAdvplanList(NULL, NULL, Array, Array)
#2 /Applications/MAMP/htdocs/toutiaolavarel/app/Http/Controllers/Home/AdvplanController.php(28): App\Service\Admin\AdvplanService->getadvlist()
#3 [internal function]: App\Http\Controllers\Home\AdvplanController->index()
#4 /Applications/MAMP/htdocs/toutiaolavarel/vendor/laravel/framework/src/Illuminate/Routing/Controller.php(55): call_user_func_array(Array, Array)
#5 /Applications/MAMP/htdocs/toutiaolavarel/vendor/laravel/framework/src/Illuminate/Routing/ControllerDispatcher.php(44): Illuminate\Routing\Controller->callAction('index', Array)
#6 /Applications/MAMP/htdocs/toutiaolavarel/vendor/laravel/framework/src/Illuminate/Routing/Route.php(190): Illuminate\Routing\ControllerDispatcher->dispatch(Object(Illuminate\Routing\Route), Object(App\Http\Controllers\Home\AdvplanController), 'index')
#7 /Applications/MAMP/htdocs/toutiaolavarel/vendor/laravel/framework/src/Illuminate/Routing/Route.php(144): Illuminate\Routing\Route->runController()
#8 /Applications/MAMP/htdocs/toutiaolavarel/vendor/laravel/framework/src/Illuminate/Routing/Router.php(642): Illuminate\Routing\Route->run(Object(Illuminate\Http\Request))
#9 /Applications/MAMP/htdocs/toutiaolavarel/vendor/laravel/framework/src/Illuminate/Routing/Pipeline.php(53): Illuminate\Routing\Router->Illuminate\Routing\{closure}(Object(Illuminate\Http\Request))
#10 /Applications/MAMP/htdocs/toutiaolavarel/vendor/laravel/framework/src/Illuminate/Routing/Middleware/SubstituteBindings.php(41): Illuminate\Routing\Pipeline->Illuminate\Routing\{closure}(Object(Illuminate\Http\Request))
#11 /Applications/MAMP/htdocs/toutiaolavarel/vendor/laravel/framework/src/Illuminate/Pipeline/Pipeline.php(137): Illuminate\Routing\Middleware\SubstituteBindings->handle(Object(Illuminate\Http\Request), Object(Closure))
#12 /Applications/MAMP/htdocs/toutiaolavarel/vendor/laravel/framework/src/Illuminate/Routing/Pipeline.php(33): Illuminate\Pipeline\Pipeline->Illuminate\Pipeline\{closure}(Object(Illuminate\Http\Request))
#13 /Applications/MAMP/htdocs/toutiaolavarel/vendor/laravel/framework/src/Illuminate/View/Middleware/ShareErrorsFromSession.php(49): Illuminate\Routing\Pipeline->Illuminate\Routing\{closure}(Object(Illuminate\Http\Request))
#14 /Applications/MAMP/htdocs/toutiaolavarel/vendor/laravel/framework/src/Illuminate/Pipeline/Pipeline.php(137): Illuminate\View\Middleware\ShareErrorsFromSession->handle(Object(Illuminate\Http\Request), Object(Closure))
#15 /Applications/MAMP/htdocs/toutiaolavarel/vendor/laravel/framework/src/Illuminate/Routing/Pipeline.php(33): Illuminate\Pipeline\Pipeline->Illuminate\Pipeline\{closure}(Object(Illuminate\Http\Request))
#16 /Applications/MAMP/htdocs/toutiaolavarel/vendor/laravel/framework/src/Illuminate/Session/Middleware/StartSession.php(64): Illuminate\Routing\Pipeline->Illuminate\Routing\{closure}(Object(Illuminate\Http\Request))
#17 /Applications/MAMP/htdocs/toutiaolavarel/vendor/laravel/framework/src/Illuminate/Pipeline/Pipeline.php(137): Illuminate\Session\Middleware\StartSession->handle(Object(Illuminate\Http\Request), Object(Closure))
#18 /Applications/MAMP/htdocs/toutiaolavarel/vendor/laravel/framework/src/Illuminate/Routing/Pipeline.php(33): Illuminate\Pipeline\Pipeline->Illuminate\Pipeline\{closure}(Object(Illuminate\Http\Request))
#19 /Applications/MAMP/htdocs/toutiaolavarel/vendor/laravel/framework/src/Illuminate/Cookie/Middleware/AddQueuedCookiesToResponse.php(37): Illuminate\Routing\Pipeline->Illuminate\Routing\{closure}(Object(Illuminate\Http\Request))
#20 /Applications/MAMP/htdocs/toutiaolavarel/vendor/laravel/framework/src/Illuminate/Pipeline/Pipeline.php(137): Illuminate\Cookie\Middleware\AddQueuedCookiesToResponse->handle(Object(Illuminate\Http\Request), Object(Closure))
#21 /Applications/MAMP/htdocs/toutiaolavarel/vendor/laravel/framework/src/Illuminate/Routing/Pipeline.php(33): Illuminate\Pipeline\Pipeline->Illuminate\Pipeline\{closure}(Object(Illuminate\Http\Request))
#22 /Applications/MAMP/htdocs/toutiaolavarel/vendor/laravel/framework/src/Illuminate/Cookie/Middleware/EncryptCookies.php(59): Illuminate\Routing\Pipeline->Illuminate\Routing\{closure}(Object(Illuminate\Http\Request))
#23 /Applications/MAMP/htdocs/toutiaolavarel/vendor/laravel/framework/src/Illuminate/Pipeline/Pipeline.php(137): Illuminate\Cookie\Middleware\EncryptCookies->handle(Object(Illuminate\Http\Request), Object(Closure))
#24 /Applications/MAMP/htdocs/toutiaolavarel/vendor/laravel/framework/src/Illuminate/Routing/Pipeline.php(33): Illuminate\Pipeline\Pipeline->Illuminate\Pipeline\{closure}(Object(Illuminate\Http\Request))
#25 /Applications/MAMP/htdocs/toutiaolavarel/vendor/laravel/framework/src/Illuminate/Pipeline/Pipeline.php(104): Illuminate\Routing\Pipeline->Illuminate\Routing\{closure}(Object(Illuminate\Http\Request))
#26 /Applications/MAMP/htdocs/toutiaolavarel/vendor/laravel/framework/src/Illuminate/Routing/Router.php(644): Illuminate\Pipeline\Pipeline->then(Object(Closure))
#27 /Applications/MAMP/htdocs/toutiaolavarel/vendor/laravel/framework/src/Illuminate/Routing/Router.php(618): Illuminate\Routing\Router->runRouteWithinStack(Object(Illuminate\Routing\Route), Object(Illuminate\Http\Request))
#28 /Applications/MAMP/htdocs/toutiaolavarel/vendor/laravel/framework/src/Illuminate/Routing/Router.php(596): Illuminate\Routing\Router->dispatchToRoute(Object(Illuminate\Http\Request))
#29 /Applications/MAMP/htdocs/toutiaolavarel/vendor/laravel/framework/src/Illuminate/Foundation/Http/Kernel.php(267): Illuminate\Routing\Router->dispatch(Object(Illuminate\Http\Request))
#30 /Applications/MAMP/htdocs/toutiaolavarel/vendor/laravel/framework/src/Illuminate/Routing/Pipeline.php(53): Illuminate\Foundation\Http\Kernel->Illuminate\Foundation\Http\{closure}(Object(Illuminate\Http\Request))
#31 /Applications/MAMP/htdocs/toutiaolavarel/vendor/barryvdh/laravel-debugbar/src/Middleware/Debugbar.php(51): Illuminate\Routing\Pipeline->Illuminate\Routing\{closure}(Object(Illuminate\Http\Request))
#32 /Applications/MAMP/htdocs/toutiaolavarel/vendor/laravel/framework/src/Illuminate/Pipeline/Pipeline.php(137): Barryvdh\Debugbar\Middleware\Debugbar->handle(Object(Illuminate\Http\Request), Object(Closure))
#33 /Applications/MAMP/htdocs/toutiaolavarel/vendor/laravel/framework/src/Illuminate/Routing/Pipeline.php(33): Illuminate\Pipeline\Pipeline->Illuminate\Pipeline\{closure}(Object(Illuminate\Http\Request))
#34 /Applications/MAMP/htdocs/toutiaolavarel/vendor/laravel/framework/src/Illuminate/Foundation/Http/Middleware/CheckForMaintenanceMode.php(46): Illuminate\Routing\Pipeline->Illuminate\Routing\{closure}(Object(Illuminate\Http\Request))
#35 /Applications/MAMP/htdocs/toutiaolavarel/vendor/laravel/framework/src/Illuminate/Pipeline/Pipeline.php(137): Illuminate\Foundation\Http\Middleware\CheckForMaintenanceMode->handle(Object(Illuminate\Http\Request), Object(Closure))
#36 /Applications/MAMP/htdocs/toutiaolavarel/vendor/laravel/framework/src/Illuminate/Routing/Pipeline.php(33): Illuminate\Pipeline\Pipeline->Illuminate\Pipeline\{closure}(Object(Illuminate\Http\Request))
#37 /Applications/MAMP/htdocs/toutiaolavarel/vendor/laravel/framework/src/Illuminate/Pipeline/Pipeline.php(104): Illuminate\Routing\Pipeline->Illuminate\Routing\{closure}(Object(Illuminate\Http\Request))
#38 /Applications/MAMP/htdocs/toutiaolavarel/vendor/laravel/framework/src/Illuminate/Foundation/Http/Kernel.php(149): Illuminate\Pipeline\Pipeline->then(Object(Closure))
#39 /Applications/MAMP/htdocs/toutiaolavarel/vendor/laravel/framework/src/Illuminate/Foundation/Http/Kernel.php(116): Illuminate\Foundation\Http\Kernel->sendRequestThroughRouter(Object(Illuminate\Http\Request))
#40 /Applications/MAMP/htdocs/toutiaolavarel/public/index.php(54): Illuminate\Foundation\Http\Kernel->handle(Object(Illuminate\Http\Request))
#41 {main}  
[2017-09-11 02:21:33] local.ERROR: exception 'Symfony\Component\Debug\Exception\FatalErrorException' with message 'Call to undefined function App\Http\Requests\isEmpty()' in /Applications/MAMP/htdocs/toutiaolavarel/app/Http/Requests/AdvplanRequest.php:25
Stack trace:
#0 {main}  
[2017-09-11 02:21:59] local.ERROR: exception 'ErrorException' with message 'Argument 2 passed to Illuminate\Validation\Factory::make() must be of the type array, null given, called in /Applications/MAMP/htdocs/toutiaolavarel/vendor/laravel/framework/src/Illuminate/Foundation/Http/FormRequest.php on line 85 and defined' in /Applications/MAMP/htdocs/toutiaolavarel/vendor/laravel/framework/src/Illuminate/Validation/Factory.php:91
Stack trace:
#0 /Applications/MAMP/htdocs/toutiaolavarel/vendor/laravel/framework/src/Illuminate/Validation/Factory.php(91): Illuminate\Foundation\Bootstrap\HandleExceptions->handleError(4096, 'Argument 2 pass...', '/Applications/M...', 91, Array)
#1 /Applications/MAMP/htdocs/toutiaolavarel/vendor/laravel/framework/src/Illuminate/Foundation/Http/FormRequest.php(85): Illuminate\Validation\Factory->make(Array, NULL, Array, Array)
#2 /Applications/MAMP/htdocs/toutiaolavarel/vendor/laravel/framework/src/Illuminate/Validation/ValidatesWhenResolvedTrait.php(17): Illuminate\Foundation\Http\FormRequest->getValidatorInstance()
#3 /Applications/MAMP/htdocs/toutiaolavarel/vendor/laravel/framework/src/Illuminate/Foundation/Providers/FoundationServiceProvider.php(41): Illuminate\Foundation\Http\FormRequest->validate()
#4 /Applications/MAMP/htdocs/toutiaolavarel/vendor/laravel/framework/src/Illuminate/Container/Container.php(1046): Illuminate\Foundation\Providers\FoundationServiceProvider->Illuminate\Foundation\Providers\{closure}(Object(App\Http\Requests\AdvplanRequest), Object(Illuminate\Foundation\Application))
#5 /Applications/MAMP/htdocs/toutiaolavarel/vendor/laravel/framework/src/Illuminate/Container/Container.php(1011): Illuminate\Container\Container->fireCallbackArray(Object(App\Http\Requests\AdvplanRequest), Array)
#6 /Applications/MAMP/htdocs/toutiaolavarel/vendor/laravel/framework/src/Illuminate/Container/Container.php(663): Illuminate\Container\Container->fireResolvingCallbacks('App\\Http\\Reques...', Object(App\Http\Requests\AdvplanRequest))
#7 /Applications/MAMP/htdocs/toutiaolavarel/vendor/laravel/framework/src/Illuminate/Foundation/Application.php(709): Illuminate\Container\Container->make('App\\Http\\Reques...', Array)
#8 /Applications/MAMP/htdocs/toutiaolavarel/vendor/laravel/framework/src/Illuminate/Routing/RouteDependencyResolverTrait.php(85): Illuminate\Foundation\Application->make('App\\Http\\Reques...')
#9 /Applications/MAMP/htdocs/toutiaolavarel/vendor/laravel/framework/src/Illuminate/Routing/RouteDependencyResolverTrait.php(59): Illuminate\Routing\ControllerDispatcher->transformDependency(Object(ReflectionParameter), Array, Array)
#10 /Applications/MAMP/htdocs/toutiaolavarel/vendor/laravel/framework/src/Illuminate/Routing/RouteDependencyResolverTrait.php(42): Illuminate\Routing\ControllerDispatcher->resolveMethodDependencies(Array, Object(ReflectionMethod))
#11 /Applications/MAMP/htdocs/toutiaolavarel/vendor/laravel/framework/src/Illuminate/Routing/ControllerDispatcher.php(41): Illuminate\Routing\ControllerDispatcher->resolveClassMethodDependencies(Array, Object(App\Http\Controllers\Home\AdvplanController), 'createbyuser')
#12 /Applications/MAMP/htdocs/toutiaolavarel/vendor/laravel/framework/src/Illuminate/Routing/Route.php(190): Illuminate\Routing\ControllerDispatcher->dispatch(Object(Illuminate\Routing\Route), Object(App\Http\Controllers\Home\AdvplanController), 'createbyuser')
#13 /Applications/MAMP/htdocs/toutiaolavarel/vendor/laravel/framework/src/Illuminate/Routing/Route.php(144): Illuminate\Routing\Route->runController()
#14 /Applications/MAMP/htdocs/toutiaolavarel/vendor/laravel/framework/src/Illuminate/Routing/Router.php(642): Illuminate\Routing\Route->run(Object(Illuminate\Http\Request))
#15 /Applications/MAMP/htdocs/toutiaolavarel/vendor/laravel/framework/src/Illuminate/Routing/Pipeline.php(53): Illuminate\Routing\Router->Illuminate\Routing\{closure}(Object(Illuminate\Http\Request))
#16 /Applications/MAMP/htdocs/toutiaolavarel/vendor/laravel/framework/src/Illuminate/Routing/Middleware/SubstituteBindings.php(41): Illuminate\Routing\Pipeline->Illuminate\Routing\{closure}(Object(Illuminate\Http\Request))
#17 /Applications/MAMP/htdocs/toutiaolavarel/vendor/laravel/framework/src/Illuminate/Pipeline/Pipeline.php(137): Illuminate\Routing\Middleware\SubstituteBindings->handle(Object(Illuminate\Http\Request), Object(Closure))
#18 /Applications/MAMP/htdocs/toutiaolavarel/vendor/laravel/framework/src/Illuminate/Routing/Pipeline.php(33): Illuminate\Pipeline\Pipeline->Illuminate\Pipeline\{closure}(Object(Illuminate\Http\Request))
#19 /Applications/MAMP/htdocs/toutiaolavarel/vendor/laravel/framework/src/Illuminate/View/Middleware/ShareErrorsFromSession.php(49): Illuminate\Routing\Pipeline->Illuminate\Routing\{closure}(Object(Illuminate\Http\Request))
#20 /Applications/MAMP/htdocs/toutiaolavarel/vendor/laravel/framework/src/Illuminate/Pipeline/Pipeline.php(137): Illuminate\View\Middleware\ShareErrorsFromSession->handle(Object(Illuminate\Http\Request), Object(Closure))
#21 /Applications/MAMP/htdocs/toutiaolavarel/vendor/laravel/framework/src/Illuminate/Routing/Pipeline.php(33): Illuminate\Pipeline\Pipeline->Illuminate\Pipeline\{closure}(Object(Illuminate\Http\Request))
#22 /Applications/MAMP/htdocs/toutiaolavarel/vendor/laravel/framework/src/Illuminate/Session/Middleware/StartSession.php(64): Illuminate\Routing\Pipeline->Illuminate\Routing\{closure}(Object(Illuminate\Http\Request))
#23 /Applications/MAMP/htdocs/toutiaolavarel/vendor/laravel/framework/src/Illuminate/Pipeline/Pipeline.php(137): Illuminate\Session\Middleware\StartSession->handle(Object(Illuminate\Http\Request), Object(Closure))
#24 /Applications/MAMP/htdocs/toutiaolavarel/vendor/laravel/framework/src/Illuminate/Routing/Pipeline.php(33): Illuminate\Pipeline\Pipeline->Illuminate\Pipeline\{closure}(Object(Illuminate\Http\Request))
#25 /Applications/MAMP/htdocs/toutiaolavarel/vendor/laravel/framework/src/Illuminate/Cookie/Middleware/AddQueuedCookiesToResponse.php(37): Illuminate\Routing\Pipeline->Illuminate\Routing\{closure}(Object(Illuminate\Http\Request))
#26 /Applications/MAMP/htdocs/toutiaolavarel/vendor/laravel/framework/src/Illuminate/Pipeline/Pipeline.php(137): Illuminate\Cookie\Middleware\AddQueuedCookiesToResponse->handle(Object(Illuminate\Http\Request), Object(Closure))
#27 /Applications/MAMP/htdocs/toutiaolavarel/vendor/laravel/framework/src/Illuminate/Routing/Pipeline.php(33): Illuminate\Pipeline\Pipeline->Illuminate\Pipeline\{closure}(Object(Illuminate\Http\Request))
#28 /Applications/MAMP/htdocs/toutiaolavarel/vendor/laravel/framework/src/Illuminate/Cookie/Middleware/EncryptCookies.php(59): Illuminate\Routing\Pipeline->Illuminate\Routing\{closure}(Object(Illuminate\Http\Request))
#29 /Applications/MAMP/htdocs/toutiaolavarel/vendor/laravel/framework/src/Illuminate/Pipeline/Pipeline.php(137): Illuminate\Cookie\Middleware\EncryptCookies->handle(Object(Illuminate\Http\Request), Object(Closure))
#30 /Applications/MAMP/htdocs/toutiaolavarel/vendor/laravel/framework/src/Illuminate/Routing/Pipeline.php(33): Illuminate\Pipeline\Pipeline->Illuminate\Pipeline\{closure}(Object(Illuminate\Http\Request))
#31 /Applications/MAMP/htdocs/toutiaolavarel/vendor/laravel/framework/src/Illuminate/Pipeline/Pipeline.php(104): Illuminate\Routing\Pipeline->Illuminate\Routing\{closure}(Object(Illuminate\Http\Request))
#32 /Applications/MAMP/htdocs/toutiaolavarel/vendor/laravel/framework/src/Illuminate/Routing/Router.php(644): Illuminate\Pipeline\Pipeline->then(Object(Closure))
#33 /Applications/MAMP/htdocs/toutiaolavarel/vendor/laravel/framework/src/Illuminate/Routing/Router.php(618): Illuminate\Routing\Router->runRouteWithinStack(Object(Illuminate\Routing\Route), Object(Illuminate\Http\Request))
#34 /Applications/MAMP/htdocs/toutiaolavarel/vendor/laravel/framework/src/Illuminate/Routing/Router.php(596): Illuminate\Routing\Router->dispatchToRoute(Object(Illuminate\Http\Request))
#35 /Applications/MAMP/htdocs/toutiaolavarel/vendor/laravel/framework/src/Illuminate/Foundation/Http/Kernel.php(267): Illuminate\Routing\Router->dispatch(Object(Illuminate\Http\Request))
#36 /Applications/MAMP/htdocs/toutiaolavarel/vendor/laravel/framework/src/Illuminate/Routing/Pipeline.php(53): Illuminate\Foundation\Http\Kernel->Illuminate\Foundation\Http\{closure}(Object(Illuminate\Http\Request))
#37 /Applications/MAMP/htdocs/toutiaolavarel/vendor/barryvdh/laravel-debugbar/src/Middleware/Debugbar.php(51): Illuminate\Routing\Pipeline->Illuminate\Routing\{closure}(Object(Illuminate\Http\Request))
#38 /Applications/MAMP/htdocs/toutiaolavarel/vendor/laravel/framework/src/Illuminate/Pipeline/Pipeline.php(137): Barryvdh\Debugbar\Middleware\Debugbar->handle(Object(Illuminate\Http\Request), Object(Closure))
#39 /Applications/MAMP/htdocs/toutiaolavarel/vendor/laravel/framework/src/Illuminate/Routing/Pipeline.php(33): Illuminate\Pipeline\Pipeline->Illuminate\Pipeline\{closure}(Object(Illuminate\Http\Request))
#40 /Applications/MAMP/htdocs/toutiaolavarel/vendor/laravel/framework/src/Illuminate/Foundation/Http/Middleware/CheckForMaintenanceMode.php(46): Illuminate\Routing\Pipeline->Illuminate\Routing\{closure}(Object(Illuminate\Http\Request))
#41 /Applications/MAMP/htdocs/toutiaolavarel/vendor/laravel/framework/src/Illuminate/Pipeline/Pipeline.php(137): Illuminate\Foundation\Http\Middleware\CheckForMaintenanceMode->handle(Object(Illuminate\Http\Request), Object(Closure))
#42 /Applications/MAMP/htdocs/toutiaolavarel/vendor/laravel/framework/src/Illuminate/Routing/Pipeline.php(33): Illuminate\Pipeline\Pipeline->Illuminate\Pipeline\{closure}(Object(Illuminate\Http\Request))
#43 /Applications/MAMP/htdocs/toutiaolavarel/vendor/laravel/framework/src/Illuminate/Pipeline/Pipeline.php(104): Illuminate\Routing\Pipeline->Illuminate\Routing\{closure}(Object(Illuminate\Http\Request))
#44 /Applications/MAMP/htdocs/toutiaolavarel/vendor/laravel/framework/src/Illuminate/Foundation/Http/Kernel.php(149): Illuminate\Pipeline\Pipeline->then(Object(Closure))
#45 /Applications/MAMP/htdocs/toutiaolavarel/vendor/laravel/framework/src/Illuminate/Foundation/Http/Kernel.php(116): Illuminate\Foundation\Http\Kernel->sendRequestThroughRouter(Object(Illuminate\Http\Request))
#46 /Applications/MAMP/htdocs/toutiaolavarel/public/index.php(54): Illuminate\Foundation\Http\Kernel->handle(Object(Illuminate\Http\Request))
#47 {main}  
[2017-09-11 02:22:20] local.ERROR: exception 'ErrorException' with message 'Argument 2 passed to Illuminate\Validation\Factory::make() must be of the type array, null given, called in /Applications/MAMP/htdocs/toutiaolavarel/vendor/laravel/framework/src/Illuminate/Foundation/Http/FormRequest.php on line 85 and defined' in /Applications/MAMP/htdocs/toutiaolavarel/vendor/laravel/framework/src/Illuminate/Validation/Factory.php:91
Stack trace:
#0 /Applications/MAMP/htdocs/toutiaolavarel/vendor/laravel/framework/src/Illuminate/Validation/Factory.php(91): Illuminate\Foundation\Bootstrap\HandleExceptions->handleError(4096, 'Argument 2 pass...', '/Applications/M...', 91, Array)
#1 /Applications/MAMP/htdocs/toutiaolavarel/vendor/laravel/framework/src/Illuminate/Foundation/Http/FormRequest.php(85): Illuminate\Validation\Factory->make(Array, NULL, Array, Array)
#2 /Applications/MAMP/htdocs/toutiaolavarel/vendor/laravel/framework/src/Illuminate/Validation/ValidatesWhenResolvedTrait.php(17): Illuminate\Foundation\Http\FormRequest->getValidatorInstance()
#3 /Applications/MAMP/htdocs/toutiaolavarel/vendor/laravel/framework/src/Illuminate/Foundation/Providers/FoundationServiceProvider.php(41): Illuminate\Foundation\Http\FormRequest->validate()
#4 /Applications/MAMP/htdocs/toutiaolavarel/vendor/laravel/framework/src/Illuminate/Container/Container.php(1046): Illuminate\Foundation\Providers\FoundationServiceProvider->Illuminate\Foundation\Providers\{closure}(Object(App\Http\Requests\AdvplanRequest), Object(Illuminate\Foundation\Application))
#5 /Applications/MAMP/htdocs/toutiaolavarel/vendor/laravel/framework/src/Illuminate/Container/Container.php(1011): Illuminate\Container\Container->fireCallbackArray(Object(App\Http\Requests\AdvplanRequest), Array)
#6 /Applications/MAMP/htdocs/toutiaolavarel/vendor/laravel/framework/src/Illuminate/Container/Container.php(663): Illuminate\Container\Container->fireResolvingCallbacks('App\\Http\\Reques...', Object(App\Http\Requests\AdvplanRequest))
#7 /Applications/MAMP/htdocs/toutiaolavarel/vendor/laravel/framework/src/Illuminate/Foundation/Application.php(709): Illuminate\Container\Container->make('App\\Http\\Reques...', Array)
#8 /Applications/MAMP/htdocs/toutiaolavarel/vendor/laravel/framework/src/Illuminate/Routing/RouteDependencyResolverTrait.php(85): Illuminate\Foundation\Application->make('App\\Http\\Reques...')
#9 /Applications/MAMP/htdocs/toutiaolavarel/vendor/laravel/framework/src/Illuminate/Routing/RouteDependencyResolverTrait.php(59): Illuminate\Routing\ControllerDispatcher->transformDependency(Object(ReflectionParameter), Array, Array)
#10 /Applications/MAMP/htdocs/toutiaolavarel/vendor/laravel/framework/src/Illuminate/Routing/RouteDependencyResolverTrait.php(42): Illuminate\Routing\ControllerDispatcher->resolveMethodDependencies(Array, Object(ReflectionMethod))
#11 /Applications/MAMP/htdocs/toutiaolavarel/vendor/laravel/framework/src/Illuminate/Routing/ControllerDispatcher.php(41): Illuminate\Routing\ControllerDispatcher->resolveClassMethodDependencies(Array, Object(App\Http\Controllers\Home\AdvplanController), 'createbyuser')
#12 /Applications/MAMP/htdocs/toutiaolavarel/vendor/laravel/framework/src/Illuminate/Routing/Route.php(190): Illuminate\Routing\ControllerDispatcher->dispatch(Object(Illuminate\Routing\Route), Object(App\Http\Controllers\Home\AdvplanController), 'createbyuser')
#13 /Applications/MAMP/htdocs/toutiaolavarel/vendor/laravel/framework/src/Illuminate/Routing/Route.php(144): Illuminate\Routing\Route->runController()
#14 /Applications/MAMP/htdocs/toutiaolavarel/vendor/laravel/framework/src/Illuminate/Routing/Router.php(642): Illuminate\Routing\Route->run(Object(Illuminate\Http\Request))
#15 /Applications/MAMP/htdocs/toutiaolavarel/vendor/laravel/framework/src/Illuminate/Routing/Pipeline.php(53): Illuminate\Routing\Router->Illuminate\Routing\{closure}(Object(Illuminate\Http\Request))
#16 /Applications/MAMP/htdocs/toutiaolavarel/vendor/laravel/framework/src/Illuminate/Routing/Middleware/SubstituteBindings.php(41): Illuminate\Routing\Pipeline->Illuminate\Routing\{closure}(Object(Illuminate\Http\Request))
#17 /Applications/MAMP/htdocs/toutiaolavarel/vendor/laravel/framework/src/Illuminate/Pipeline/Pipeline.php(137): Illuminate\Routing\Middleware\SubstituteBindings->handle(Object(Illuminate\Http\Request), Object(Closure))
#18 /Applications/MAMP/htdocs/toutiaolavarel/vendor/laravel/framework/src/Illuminate/Routing/Pipeline.php(33): Illuminate\Pipeline\Pipeline->Illuminate\Pipeline\{closure}(Object(Illuminate\Http\Request))
#19 /Applications/MAMP/htdocs/toutiaolavarel/vendor/laravel/framework/src/Illuminate/View/Middleware/ShareErrorsFromSession.php(49): Illuminate\Routing\Pipeline->Illuminate\Routing\{closure}(Object(Illuminate\Http\Request))
#20 /Applications/MAMP/htdocs/toutiaolavarel/vendor/laravel/framework/src/Illuminate/Pipeline/Pipeline.php(137): Illuminate\View\Middleware\ShareErrorsFromSession->handle(Object(Illuminate\Http\Request), Object(Closure))
#21 /Applications/MAMP/htdocs/toutiaolavarel/vendor/laravel/framework/src/Illuminate/Routing/Pipeline.php(33): Illuminate\Pipeline\Pipeline->Illuminate\Pipeline\{closure}(Object(Illuminate\Http\Request))
#22 /Applications/MAMP/htdocs/toutiaolavarel/vendor/laravel/framework/src/Illuminate/Session/Middleware/StartSession.php(64): Illuminate\Routing\Pipeline->Illuminate\Routing\{closure}(Object(Illuminate\Http\Request))
#23 /Applications/MAMP/htdocs/toutiaolavarel/vendor/laravel/framework/src/Illuminate/Pipeline/Pipeline.php(137): Illuminate\Session\Middleware\StartSession->handle(Object(Illuminate\Http\Request), Object(Closure))
#24 /Applications/MAMP/htdocs/toutiaolavarel/vendor/laravel/framework/src/Illuminate/Routing/Pipeline.php(33): Illuminate\Pipeline\Pipeline->Illuminate\Pipeline\{closure}(Object(Illuminate\Http\Request))
#25 /Applications/MAMP/htdocs/toutiaolavarel/vendor/laravel/framework/src/Illuminate/Cookie/Middleware/AddQueuedCookiesToResponse.php(37): Illuminate\Routing\Pipeline->Illuminate\Routing\{closure}(Object(Illuminate\Http\Request))
#26 /Applications/MAMP/htdocs/toutiaolavarel/vendor/laravel/framework/src/Illuminate/Pipeline/Pipeline.php(137): Illuminate\Cookie\Middleware\AddQueuedCookiesToResponse->handle(Object(Illuminate\Http\Request), Object(Closure))
#27 /Applications/MAMP/htdocs/toutiaolavarel/vendor/laravel/framework/src/Illuminate/Routing/Pipeline.php(33): Illuminate\Pipeline\Pipeline->Illuminate\Pipeline\{closure}(Object(Illuminate\Http\Request))
#28 /Applications/MAMP/htdocs/toutiaolavarel/vendor/laravel/framework/src/Illuminate/Cookie/Middleware/EncryptCookies.php(59): Illuminate\Routing\Pipeline->Illuminate\Routing\{closure}(Object(Illuminate\Http\Request))
#29 /Applications/MAMP/htdocs/toutiaolavarel/vendor/laravel/framework/src/Illuminate/Pipeline/Pipeline.php(137): Illuminate\Cookie\Middleware\EncryptCookies->handle(Object(Illuminate\Http\Request), Object(Closure))
#30 /Applications/MAMP/htdocs/toutiaolavarel/vendor/laravel/framework/src/Illuminate/Routing/Pipeline.php(33): Illuminate\Pipeline\Pipeline->Illuminate\Pipeline\{closure}(Object(Illuminate\Http\Request))
#31 /Applications/MAMP/htdocs/toutiaolavarel/vendor/laravel/framework/src/Illuminate/Pipeline/Pipeline.php(104): Illuminate\Routing\Pipeline->Illuminate\Routing\{closure}(Object(Illuminate\Http\Request))
#32 /Applications/MAMP/htdocs/toutiaolavarel/vendor/laravel/framework/src/Illuminate/Routing/Router.php(644): Illuminate\Pipeline\Pipeline->then(Object(Closure))
#33 /Applications/MAMP/htdocs/toutiaolavarel/vendor/laravel/framework/src/Illuminate/Routing/Router.php(618): Illuminate\Routing\Router->runRouteWithinStack(Object(Illuminate\Routing\Route), Object(Illuminate\Http\Request))
#34 /Applications/MAMP/htdocs/toutiaolavarel/vendor/laravel/framework/src/Illuminate/Routing/Router.php(596): Illuminate\Routing\Router->dispatchToRoute(Object(Illuminate\Http\Request))
#35 /Applications/MAMP/htdocs/toutiaolavarel/vendor/laravel/framework/src/Illuminate/Foundation/Http/Kernel.php(267): Illuminate\Routing\Router->dispatch(Object(Illuminate\Http\Request))
#36 /Applications/MAMP/htdocs/toutiaolavarel/vendor/laravel/framework/src/Illuminate/Routing/Pipeline.php(53): Illuminate\Foundation\Http\Kernel->Illuminate\Foundation\Http\{closure}(Object(Illuminate\Http\Request))
#37 /Applications/MAMP/htdocs/toutiaolavarel/vendor/barryvdh/laravel-debugbar/src/Middleware/Debugbar.php(51): Illuminate\Routing\Pipeline->Illuminate\Routing\{closure}(Object(Illuminate\Http\Request))
#38 /Applications/MAMP/htdocs/toutiaolavarel/vendor/laravel/framework/src/Illuminate/Pipeline/Pipeline.php(137): Barryvdh\Debugbar\Middleware\Debugbar->handle(Object(Illuminate\Http\Request), Object(Closure))
#39 /Applications/MAMP/htdocs/toutiaolavarel/vendor/laravel/framework/src/Illuminate/Routing/Pipeline.php(33): Illuminate\Pipeline\Pipeline->Illuminate\Pipeline\{closure}(Object(Illuminate\Http\Request))
#40 /Applications/MAMP/htdocs/toutiaolavarel/vendor/laravel/framework/src/Illuminate/Foundation/Http/Middleware/CheckForMaintenanceMode.php(46): Illuminate\Routing\Pipeline->Illuminate\Routing\{closure}(Object(Illuminate\Http\Request))
#41 /Applications/MAMP/htdocs/toutiaolavarel/vendor/laravel/framework/src/Illuminate/Pipeline/Pipeline.php(137): Illuminate\Foundation\Http\Middleware\CheckForMaintenanceMode->handle(Object(Illuminate\Http\Request), Object(Closure))
#42 /Applications/MAMP/htdocs/toutiaolavarel/vendor/laravel/framework/src/Illuminate/Routing/Pipeline.php(33): Illuminate\Pipeline\Pipeline->Illuminate\Pipeline\{closure}(Object(Illuminate\Http\Request))
#43 /Applications/MAMP/htdocs/toutiaolavarel/vendor/laravel/framework/src/Illuminate/Pipeline/Pipeline.php(104): Illuminate\Routing\Pipeline->Illuminate\Routing\{closure}(Object(Illuminate\Http\Request))
#44 /Applications/MAMP/htdocs/toutiaolavarel/vendor/laravel/framework/src/Illuminate/Foundation/Http/Kernel.php(149): Illuminate\Pipeline\Pipeline->then(Object(Closure))
#45 /Applications/MAMP/htdocs/toutiaolavarel/vendor/laravel/framework/src/Illuminate/Foundation/Http/Kernel.php(116): Illuminate\Foundation\Http\Kernel->sendRequestThroughRouter(Object(Illuminate\Http\Request))
#46 /Applications/MAMP/htdocs/toutiaolavarel/public/index.php(54): Illuminate\Foundation\Http\Kernel->handle(Object(Illuminate\Http\Request))
#47 {main}  
[2017-09-11 02:26:38] local.ERROR: exception 'ErrorException' with message 'Undefined offset: 0' in /Applications/MAMP/htdocs/toutiaolavarel/vendor/laravel/framework/src/Illuminate/Support/Collection.php:1288
Stack trace:
#0 /Applications/MAMP/htdocs/toutiaolavarel/vendor/laravel/framework/src/Illuminate/Support/Collection.php(1288): Illuminate\Foundation\Bootstrap\HandleExceptions->handleError(8, 'Undefined offse...', '/Applications/M...', 1288, Array)
#1 /Applications/MAMP/htdocs/toutiaolavarel/app/Service/Admin/AdvplanService.php(185): Illuminate\Support\Collection->offsetGet(0)
#2 /Applications/MAMP/htdocs/toutiaolavarel/app/Http/Controllers/Home/AdvplanController.php(36): App\Service\Admin\AdvplanService->getCustomer('advertiser.html')
#3 [internal function]: App\Http\Controllers\Home\AdvplanController->lists('advertiser.html')
#4 /Applications/MAMP/htdocs/toutiaolavarel/vendor/laravel/framework/src/Illuminate/Routing/Controller.php(55): call_user_func_array(Array, Array)
#5 /Applications/MAMP/htdocs/toutiaolavarel/vendor/laravel/framework/src/Illuminate/Routing/ControllerDispatcher.php(44): Illuminate\Routing\Controller->callAction('lists', Array)
#6 /Applications/MAMP/htdocs/toutiaolavarel/vendor/laravel/framework/src/Illuminate/Routing/Route.php(190): Illuminate\Routing\ControllerDispatcher->dispatch(Object(Illuminate\Routing\Route), Object(App\Http\Controllers\Home\AdvplanController), 'lists')
#7 /Applications/MAMP/htdocs/toutiaolavarel/vendor/laravel/framework/src/Illuminate/Routing/Route.php(144): Illuminate\Routing\Route->runController()
#8 /Applications/MAMP/htdocs/toutiaolavarel/vendor/laravel/framework/src/Illuminate/Routing/Router.php(642): Illuminate\Routing\Route->run(Object(Illuminate\Http\Request))
#9 /Applications/MAMP/htdocs/toutiaolavarel/vendor/laravel/framework/src/Illuminate/Routing/Pipeline.php(53): Illuminate\Routing\Router->Illuminate\Routing\{closure}(Object(Illuminate\Http\Request))
#10 /Applications/MAMP/htdocs/toutiaolavarel/vendor/laravel/framework/src/Illuminate/Routing/Middleware/SubstituteBindings.php(41): Illuminate\Routing\Pipeline->Illuminate\Routing\{closure}(Object(Illuminate\Http\Request))
#11 /Applications/MAMP/htdocs/toutiaolavarel/vendor/laravel/framework/src/Illuminate/Pipeline/Pipeline.php(137): Illuminate\Routing\Middleware\SubstituteBindings->handle(Object(Illuminate\Http\Request), Object(Closure))
#12 /Applications/MAMP/htdocs/toutiaolavarel/vendor/laravel/framework/src/Illuminate/Routing/Pipeline.php(33): Illuminate\Pipeline\Pipeline->Illuminate\Pipeline\{closure}(Object(Illuminate\Http\Request))
#13 /Applications/MAMP/htdocs/toutiaolavarel/vendor/laravel/framework/src/Illuminate/View/Middleware/ShareErrorsFromSession.php(49): Illuminate\Routing\Pipeline->Illuminate\Routing\{closure}(Object(Illuminate\Http\Request))
#14 /Applications/MAMP/htdocs/toutiaolavarel/vendor/laravel/framework/src/Illuminate/Pipeline/Pipeline.php(137): Illuminate\View\Middleware\ShareErrorsFromSession->handle(Object(Illuminate\Http\Request), Object(Closure))
#15 /Applications/MAMP/htdocs/toutiaolavarel/vendor/laravel/framework/src/Illuminate/Routing/Pipeline.php(33): Illuminate\Pipeline\Pipeline->Illuminate\Pipeline\{closure}(Object(Illuminate\Http\Request))
#16 /Applications/MAMP/htdocs/toutiaolavarel/vendor/laravel/framework/src/Illuminate/Session/Middleware/StartSession.php(64): Illuminate\Routing\Pipeline->Illuminate\Routing\{closure}(Object(Illuminate\Http\Request))
#17 /Applications/MAMP/htdocs/toutiaolavarel/vendor/laravel/framework/src/Illuminate/Pipeline/Pipeline.php(137): Illuminate\Session\Middleware\StartSession->handle(Object(Illuminate\Http\Request), Object(Closure))
#18 /Applications/MAMP/htdocs/toutiaolavarel/vendor/laravel/framework/src/Illuminate/Routing/Pipeline.php(33): Illuminate\Pipeline\Pipeline->Illuminate\Pipeline\{closure}(Object(Illuminate\Http\Request))
#19 /Applications/MAMP/htdocs/toutiaolavarel/vendor/laravel/framework/src/Illuminate/Cookie/Middleware/AddQueuedCookiesToResponse.php(37): Illuminate\Routing\Pipeline->Illuminate\Routing\{closure}(Object(Illuminate\Http\Request))
#20 /Applications/MAMP/htdocs/toutiaolavarel/vendor/laravel/framework/src/Illuminate/Pipeline/Pipeline.php(137): Illuminate\Cookie\Middleware\AddQueuedCookiesToResponse->handle(Object(Illuminate\Http\Request), Object(Closure))
#21 /Applications/MAMP/htdocs/toutiaolavarel/vendor/laravel/framework/src/Illuminate/Routing/Pipeline.php(33): Illuminate\Pipeline\Pipeline->Illuminate\Pipeline\{closure}(Object(Illuminate\Http\Request))
#22 /Applications/MAMP/htdocs/toutiaolavarel/vendor/laravel/framework/src/Illuminate/Cookie/Middleware/EncryptCookies.php(59): Illuminate\Routing\Pipeline->Illuminate\Routing\{closure}(Object(Illuminate\Http\Request))
#23 /Applications/MAMP/htdocs/toutiaolavarel/vendor/laravel/framework/src/Illuminate/Pipeline/Pipeline.php(137): Illuminate\Cookie\Middleware\EncryptCookies->handle(Object(Illuminate\Http\Request), Object(Closure))
#24 /Applications/MAMP/htdocs/toutiaolavarel/vendor/laravel/framework/src/Illuminate/Routing/Pipeline.php(33): Illuminate\Pipeline\Pipeline->Illuminate\Pipeline\{closure}(Object(Illuminate\Http\Request))
#25 /Applications/MAMP/htdocs/toutiaolavarel/vendor/laravel/framework/src/Illuminate/Pipeline/Pipeline.php(104): Illuminate\Routing\Pipeline->Illuminate\Routing\{closure}(Object(Illuminate\Http\Request))
#26 /Applications/MAMP/htdocs/toutiaolavarel/vendor/laravel/framework/src/Illuminate/Routing/Router.php(644): Illuminate\Pipeline\Pipeline->then(Object(Closure))
#27 /Applications/MAMP/htdocs/toutiaolavarel/vendor/laravel/framework/src/Illuminate/Routing/Router.php(618): Illuminate\Routing\Router->runRouteWithinStack(Object(Illuminate\Routing\Route), Object(Illuminate\Http\Request))
#28 /Applications/MAMP/htdocs/toutiaolavarel/vendor/laravel/framework/src/Illuminate/Routing/Router.php(596): Illuminate\Routing\Router->dispatchToRoute(Object(Illuminate\Http\Request))
#29 /Applications/MAMP/htdocs/toutiaolavarel/vendor/laravel/framework/src/Illuminate/Foundation/Http/Kernel.php(267): Illuminate\Routing\Router->dispatch(Object(Illuminate\Http\Request))
#30 /Applications/MAMP/htdocs/toutiaolavarel/vendor/laravel/framework/src/Illuminate/Routing/Pipeline.php(53): Illuminate\Foundation\Http\Kernel->Illuminate\Foundation\Http\{closure}(Object(Illuminate\Http\Request))
#31 /Applications/MAMP/htdocs/toutiaolavarel/vendor/barryvdh/laravel-debugbar/src/Middleware/Debugbar.php(51): Illuminate\Routing\Pipeline->Illuminate\Routing\{closure}(Object(Illuminate\Http\Request))
#32 /Applications/MAMP/htdocs/toutiaolavarel/vendor/laravel/framework/src/Illuminate/Pipeline/Pipeline.php(137): Barryvdh\Debugbar\Middleware\Debugbar->handle(Object(Illuminate\Http\Request), Object(Closure))
#33 /Applications/MAMP/htdocs/toutiaolavarel/vendor/laravel/framework/src/Illuminate/Routing/Pipeline.php(33): Illuminate\Pipeline\Pipeline->Illuminate\Pipeline\{closure}(Object(Illuminate\Http\Request))
#34 /Applications/MAMP/htdocs/toutiaolavarel/vendor/laravel/framework/src/Illuminate/Foundation/Http/Middleware/CheckForMaintenanceMode.php(46): Illuminate\Routing\Pipeline->Illuminate\Routing\{closure}(Object(Illuminate\Http\Request))
#35 /Applications/MAMP/htdocs/toutiaolavarel/vendor/laravel/framework/src/Illuminate/Pipeline/Pipeline.php(137): Illuminate\Foundation\Http\Middleware\CheckForMaintenanceMode->handle(Object(Illuminate\Http\Request), Object(Closure))
#36 /Applications/MAMP/htdocs/toutiaolavarel/vendor/laravel/framework/src/Illuminate/Routing/Pipeline.php(33): Illuminate\Pipeline\Pipeline->Illuminate\Pipeline\{closure}(Object(Illuminate\Http\Request))
#37 /Applications/MAMP/htdocs/toutiaolavarel/vendor/laravel/framework/src/Illuminate/Pipeline/Pipeline.php(104): Illuminate\Routing\Pipeline->Illuminate\Routing\{closure}(Object(Illuminate\Http\Request))
#38 /Applications/MAMP/htdocs/toutiaolavarel/vendor/laravel/framework/src/Illuminate/Foundation/Http/Kernel.php(149): Illuminate\Pipeline\Pipeline->then(Object(Closure))
#39 /Applications/MAMP/htdocs/toutiaolavarel/vendor/laravel/framework/src/Illuminate/Foundation/Http/Kernel.php(116): Illuminate\Foundation\Http\Kernel->sendRequestThroughRouter(Object(Illuminate\Http\Request))
#40 /Applications/MAMP/htdocs/toutiaolavarel/public/index.php(54): Illuminate\Foundation\Http\Kernel->handle(Object(Illuminate\Http\Request))
#41 {main}  
